<?xml version="1.0" encoding="UTF-8"?>
<!-- Generated by org.testng.reporters.JUnitReportReporter -->
<testsuite hostname="DESKTOP-QINGDDR" name="Academy.validateNavigationBar" tests="1" failures="0" timestamp="13 Jan 2019 17:21:07 GMT" time="0.372" errors="0">
  <testcase name="basePageNavigation" time="0.372" classname="Academy.validateNavigationBar"/>
</testsuite> <!-- Academy.validateNavigationBar -->
