<?xml version="1.0" encoding="UTF-8"?>
<!-- Generated by org.testng.reporters.JUnitReportReporter -->
<testsuite hostname="DESKTOP-QINGDDR" name="Academy.validateTitle" tests="1" failures="0" timestamp="12 Jan 2019 10:57:49 GMT" time="2.535" errors="0">
  <testcase name="basePageNavigation" time="2.535" classname="Academy.validateTitle"/>
</testsuite> <!-- Academy.validateTitle -->
