<?xml version="1.0" encoding="UTF-8"?>
<!-- Generated by org.testng.reporters.JUnitReportReporter -->
<testsuite hostname="DESKTOP-QINGDDR" name="Academy.homePage" tests="2" failures="0" timestamp="12 Jan 2019 10:57:48 GMT" time="59.412" errors="0">
  <testcase name="basePageNavigation" time="20.819" classname="Academy.homePage"/>
  <testcase name="basePageNavigation" time="38.593" classname="Academy.homePage"/>
</testsuite> <!-- Academy.homePage -->
